<?xml version="1.0" encoding="UTF-8"?>
<testsuite name="co.edu.udea.calidad.citasalud_automatizacion.runners.RegisterRunner" tests="0" skipped="0" failures="0" errors="0" timestamp="1970-01-01T00:00:00Z" hostname="Miguels-Computer" time="0.0">
  <properties/>
  <system-out><![CDATA[]]></system-out>
  <system-err><![CDATA[[Test worker] INFO  - Test Suite Started: Registro de nuevo usuario
[Test worker] INFO  - Test Suite Started: Registro de nuevo usuario
]]></system-err>
</testsuite>
