<?xml version="1.0" encoding="UTF-8"?>
<testsuite name="Registro de nuevo usuario" tests="5" skipped="0" failures="0" errors="0" timestamp="2025-07-14T02:13:23.655Z" hostname="Miguels-Computer" time="5.641">
  <properties/>
  <testcase name="Registro exitoso de un nuevo usuario" classname="Registro de nuevo usuario" time="2.864"/>
  <testcase name="Registro fallido con datos inválidos #1" classname="Registro de nuevo usuario" time="0.653"/>
  <testcase name="Registro fallido con datos inválidos #2" classname="Registro de nuevo usuario" time="0.681"/>
  <testcase name="Registro fallido con datos inválidos #3" classname="Registro de nuevo usuario" time="1.088"/>
  <testcase name="Registro fallido con datos inválidos #4" classname="Registro de nuevo usuario" time="0.355"/>
  <system-out><![CDATA[]]></system-out>
  <system-err><![CDATA[[Test worker] INFO  - 
  _____   ___   ___   _____     ___   _____     _     ___   _____   ___   ___  
 |_   _| | __| / __| |_   _|   / __| |_   _|   /_\   | _ \ |_   _| | __| |   \ 
   | |   | _|  \__ \   | |     \__ \   | |    / _ \  |   /   | |   | _|  | |) |
   |_|   |___| |___/   |_|     |___/   |_|   /_/ \_\ |_|_\   |_|   |___| |___/ 

Registro exitoso de un nuevo usuario(registro-de-nuevo-usuario;registro-exitoso-de-un-nuevo-usuario)
--------------------------------------------------------------------------------
[Test worker] INFO  - 
  _____   ___   ___   _____     ___     _     ___   ___   ___   ___  
 |_   _| | __| / __| |_   _|   | _ \   /_\   / __| / __| | __| |   \ 
   | |   | _|  \__ \   | |     |  _/  / _ \  \__ \ \__ \ | _|  | |) |
   |_|   |___| |___/   |_|     |_|   /_/ \_\ |___/ |___/ |___| |___/ 

Registro exitoso de un nuevo usuario
----------------------------------------------------------------------
[Test worker] INFO  - 
  _____   ___   ___   _____     ___   _____     _     ___   _____   ___   ___  
 |_   _| | __| / __| |_   _|   / __| |_   _|   /_\   | _ \ |_   _| | __| |   \ 
   | |   | _|  \__ \   | |     \__ \   | |    / _ \  |   /   | |   | _|  | |) |
   |_|   |___| |___/   |_|     |___/   |_|   /_/ \_\ |_|_\   |_|   |___| |___/ 

Registro fallido con datos inválidos(registro-de-nuevo-usuario;registro-fallido-con-datos-inválidos)
--------------------------------------------------------------------------------
[Test worker] INFO  - 
  _____   ___   ___   _____     ___     _     ___   ___   ___   ___  
 |_   _| | __| / __| |_   _|   | _ \   /_\   / __| / __| | __| |   \ 
   | |   | _|  \__ \   | |     |  _/  / _ \  \__ \ \__ \ | _|  | |) |
   |_|   |___| |___/   |_|     |_|   /_/ \_\ |___/ |___/ |___| |___/ 

Registro fallido con datos inválidos
----------------------------------------------------------------------
[Test worker] INFO  - 
  _____   ___   ___   _____     ___     _     ___   ___   ___   ___  
 |_   _| | __| / __| |_   _|   | _ \   /_\   / __| / __| | __| |   \ 
   | |   | _|  \__ \   | |     |  _/  / _ \  \__ \ \__ \ | _|  | |) |
   |_|   |___| |___/   |_|     |_|   /_/ \_\ |___/ |___/ |___| |___/ 

Registro fallido con datos inválidos
----------------------------------------------------------------------
]]></system-err>
</testsuite>
